<?xml version="1.0" encoding="UTF-8"?>
<!-- Generated by org.testng.reporters.JUnitXMLReporter -->
<testsuite ignored="0" hostname="REMIDW-TEOUQMID" failures="0" tests="1" name="Test" time="120.952" errors="0" timestamp="2023-10-21T18:16:44 IST">
  <testcase classname="test.TC01_verifyMessageOf30Days" name="@BeforeClass OpenBrowser" time="120.158">
    <failure type="org.openqa.selenium.SessionNotCreatedException" message="Could not start a new session. Possible causes are invalid address of the remote server or browser start-up failure. 
Host info: host: &amp;apos;REMIDW-TEOUQMID&amp;apos;, ip: &amp;apos;192.168.37.203&amp;apos;">
      <![CDATA[org.openqa.selenium.SessionNotCreatedException: Could not start a new session. Possible causes are invalid address of the remote server or browser start-up failure. 
Host info: host: 'REMIDW-TEOUQMID', ip: '192.168.37.203'
at org.openqa.selenium.remote.RemoteWebDriver.execute(RemoteWebDriver.java:620)
at org.openqa.selenium.remote.RemoteWebDriver.startSession(RemoteWebDriver.java:236)
at org.openqa.selenium.remote.RemoteWebDriver.<init>(RemoteWebDriver.java:163)
at org.openqa.selenium.chromium.ChromiumDriver.<init>(ChromiumDriver.java:108)
at org.openqa.selenium.chrome.ChromeDriver.<init>(ChromeDriver.java:88)
at org.openqa.selenium.chrome.ChromeDriver.<init>(ChromeDriver.java:83)
at org.openqa.selenium.chrome.ChromeDriver.<init>(ChromeDriver.java:51)
at base.Base.lauchBrowser(Base.java:22)
at test.TC01_verifyMessageOf30Days.OpenBrowser(TC01_verifyMessageOf30Days.java:22)
at java.base/java.util.ArrayList.forEach(ArrayList.java:1511)
Caused by: org.openqa.selenium.WebDriverException: Timed out waiting for driver server to bind the port.
Build info: version: '4.13.0', revision: 'ba948ece5b*'
System info: os.name: 'Windows 10', os.arch: 'amd64', os.version: '10.0', java.version: '17.0.5'
Driver info: driver.version: ChromeDriver
at org.openqa.selenium.remote.service.DriverService.start(DriverService.java:245)
at org.openqa.selenium.remote.service.DriverCommandExecutor.execute(DriverCommandExecutor.java:119)
at org.openqa.selenium.remote.RemoteWebDriver.execute(RemoteWebDriver.java:602)
... 34 more
... Removed 25 stack frames]]>
    </failure>
  </testcase> <!-- @BeforeClass OpenBrowser -->
  <testcase classname="test.TC01_verifyMessageOf30Days" name="@BeforeMethod journeyInfo" time="0.0">
    <skipped/>
  </testcase> <!-- @BeforeMethod journeyInfo -->
  <testcase classname="test.TC01_verifyMessageOf30Days" name="VerifyMessageOF30Days" time="0.0">
    <skipped/>
  </testcase> <!-- VerifyMessageOF30Days -->
</testsuite> <!-- Test -->
